7z
7za
AppleWin
ArcadeFlashWeb
ares
BatGui
BatGuiMenu
Cemu
DSPTool
DaphneLoader
Dolphin
DolphinTool
DolphinWX
eduke32
EMULATOR
flycast
Fusion
Future Pinball
gzdoom
harari
kronos
Mesen
NO$GBA
OpenBOR
openmsx
PPSSPPWindows
PPSSPPWindows64
Project64
Sega Model 3 UI
SimCoupe
Tsugaru_CUI
Tsugaru_GUI
Updater
WiimoteGun
batocera-padsinfo
batocera-retroachievements-info
batocera-store
batocera-systems
BigPEmu
citra-qt
citra-room
citra
cxbx
cxbxr-debugger
cxbxr-ldr
daphne
demul
dosbox
duckstation-nogui-x64-ReleaseLTCG
duckstation-qt-x64-ReleaseLTCG
emulator_multicpu
fbneo64
gsplus
hypjsch
hypjsch_x64
hypseus
input_grabber
love
lovec
mGBA
mame
mame32
mame64
mednafen
oricutron
pcsx2
pcsx2-qtx64-avx2
pcsx2-qtx64
pcsx2x64-avx2
pcsx2x64
PhoenixEmuProject
raine
raine32
redream
retroarch
rpcs3
ruffle
snes9x-x64
snes9x
solarus-launcher
solarus-run
supermodel
Vita3K
vpinballx
wget
winuae
winuae64
xemu
xenia-canary
xenia
xenia_canary